Using pre-set license
Built from '6000.0/staging' branch; Version is '6000.0.30f1 (62b05ba0686a) revision 6467675'; Using compiler version '193933523'; Build Type 'Release'
OS: 'Windows 11  (10.0.22631) 64bit CoreSingleLanguage' Language: 'en' Physical Memory: 15610 MB
BatchMode: 1, IsHumanControllingUs: 0, StartBugReporterOnCrash: 0, Is64bit: 1, IsPro: 1

COMMAND LINE ARGUMENTS:
D:\UNITY\6000.0.30f1\Editor\Unity.exe
-adb2
-batchMode
-noUpm
-name
AssetImportWorker0
-projectPath
E:/unity/PlaneRunner3D
-logFile
Logs/AssetImportWorker0.log
-srvPort
55079
-job-worker-count
7
-background-job-worker-count
8
-asset-garbage-collectors
1
Successfully changed project path to: E:/unity/PlaneRunner3D
E:/unity/PlaneRunner3D
[UnityMemory] Configuration Parameters - Can be set up in boot.config
    "memorysetup-bucket-allocator-granularity=16"
    "memorysetup-bucket-allocator-bucket-count=8"
    "memorysetup-bucket-allocator-block-size=33554432"
    "memorysetup-bucket-allocator-block-count=8"
    "memorysetup-main-allocator-block-size=16777216"
    "memorysetup-thread-allocator-block-size=16777216"
    "memorysetup-gfx-main-allocator-block-size=16777216"
    "memorysetup-gfx-thread-allocator-block-size=16777216"
    "memorysetup-cache-allocator-block-size=4194304"
    "memorysetup-typetree-allocator-block-size=2097152"
    "memorysetup-profiler-bucket-allocator-granularity=16"
    "memorysetup-profiler-bucket-allocator-bucket-count=8"
    "memorysetup-profiler-bucket-allocator-block-size=33554432"
    "memorysetup-profiler-bucket-allocator-block-count=8"
    "memorysetup-profiler-allocator-block-size=16777216"
    "memorysetup-profiler-editor-allocator-block-size=1048576"
    "memorysetup-temp-allocator-size-main=16777216"
    "memorysetup-job-temp-allocator-block-size=2097152"
    "memorysetup-job-temp-allocator-block-size-background=1048576"
    "memorysetup-job-temp-allocator-reduction-small-platforms=262144"
    "memorysetup-allocator-temp-initial-block-size-main=262144"
    "memorysetup-allocator-temp-initial-block-size-worker=262144"
    "memorysetup-temp-allocator-size-background-worker=32768"
    "memorysetup-temp-allocator-size-job-worker=262144"
    "memorysetup-temp-allocator-size-preload-manager=33554432"
    "memorysetup-temp-allocator-size-nav-mesh-worker=65536"
    "memorysetup-temp-allocator-size-audio-worker=65536"
    "memorysetup-temp-allocator-size-cloud-worker=32768"
    "memorysetup-temp-allocator-size-gi-baking-worker=262144"
    "memorysetup-temp-allocator-size-gi-baking-worker=262144"
    "memorysetup-temp-allocator-size-gi-baking-worker=262144"
    "memorysetup-temp-allocator-size-gi-baking-worker=262144"
    "memorysetup-temp-allocator-size-gi-baking-worker=262144"
    "memorysetup-temp-allocator-size-gfx=262144"
Player connection [22312]  Target information:

Player connection [22312]  * "[IP] 192.168.36.103 [Port] 0 [Flags] 2 [Guid] 100590838 [EditorId] 100590838 [Version] 1048832 [Id] WindowsEditor(7,LAPTOP-PPNJJI29) [Debug] 1 [PackageName] WindowsEditor [ProjectName] Editor" 

Player connection [22312] Host joined multi-casting on [225.0.0.222:54997]...
Player connection [22312] Host joined alternative multi-casting on [225.0.0.222:34997]...
JobSystem: Creating JobQueue using job-worker-count value 7
[Physics::Module] Initialized fallback backend.
[Physics::Module] Id: 0xdecafbad
Library Redirect Path: Library/
[Physics::Module] Selected backend.
[Physics::Module] Name: PhysX
[Physics::Module] Id: 0xf2b8ea05
[Physics::Module] SDK Version: 4.1.2
[Physics::Module] Integration Version: 1.0.0
[Physics::Module] Threading Mode: Multi-Threaded
Refreshing native plugins compatible for Editor in 1.04 ms, found 3 plugins.
Preloading 0 native plugins for Editor in 0.00 ms.
Initialize engine version: 6000.0.30f1 (62b05ba0686a)
[Subsystems] Discovering subsystems at path D:/UNITY/6000.0.30f1/Editor/Data/Resources/UnitySubsystems
[Subsystems] Discovering subsystems at path E:/unity/PlaneRunner3D/Assets
GfxDevice: creating device client; kGfxThreadingModeNonThreaded
Direct3D:
    Version:  Direct3D 11.0 [level 11.1]
    Renderer: NVIDIA GeForce RTX 4060 Laptop GPU (ID=0x28e0)
    Vendor:   NVIDIA
    VRAM:     7972 MB
    Driver:   31.0.15.4680
Initialize mono
Mono path[0] = 'D:/UNITY/6000.0.30f1/Editor/Data/Managed'
Mono path[1] = 'D:/UNITY/6000.0.30f1/Editor/Data/MonoBleedingEdge/lib/mono/unityjit-win32'
Mono config path = 'D:/UNITY/6000.0.30f1/Editor/Data/MonoBleedingEdge/etc'
Using monoOptions --debugger-agent=transport=dt_socket,embedding=1,server=y,suspend=n,address=127.0.0.1:56460
Begin MonoManager ReloadAssembly
Registering precompiled unity dll's ...
Register platform support module: D:/UNITY/6000.0.30f1/Editor/Data/PlaybackEngines/WindowsStandaloneSupport/UnityEditor.WindowsStandalone.Extensions.dll
Registered in 0.001577 seconds.
- Loaded All Assemblies, in  0.401 seconds
Native extension for WindowsStandalone target not found
Mono: successfully reloaded assembly
- Finished resetting the current domain, in  0.333 seconds
Domain Reload Profiling: 734ms
	BeginReloadAssembly (133ms)
		ExecutionOrderSort (0ms)
		DisableScriptedObjects (0ms)
		BackupInstance (0ms)
		ReleaseScriptingObjects (0ms)
		CreateAndSetChildDomain (1ms)
	RebuildCommonClasses (40ms)
	RebuildNativeTypeToScriptingClass (13ms)
	initialDomainReloadingComplete (45ms)
	LoadAllAssembliesAndSetupDomain (170ms)
		LoadAssemblies (132ms)
		RebuildTransferFunctionScriptingTraits (0ms)
		AnalyzeDomain (166ms)
			TypeCache.Refresh (165ms)
				TypeCache.ScanAssembly (151ms)
			BuildScriptInfoCaches (0ms)
			ResolveRequiredComponents (1ms)
	FinalizeReload (334ms)
		ReleaseScriptCaches (0ms)
		RebuildScriptCaches (0ms)
		SetupLoadedEditorAssemblies (289ms)
			LogAssemblyErrors (0ms)
			InitializePlatformSupportModulesInManaged (24ms)
			SetLoadedEditorAssemblies (4ms)
			BeforeProcessingInitializeOnLoad (57ms)
			ProcessInitializeOnLoadAttributes (147ms)
			ProcessInitializeOnLoadMethodAttributes (57ms)
			AfterProcessingInitializeOnLoad (0ms)
			EditorAssembliesLoaded (0ms)
		ExecutionOrderSort2 (0ms)
		AwakeInstancesAfterBackupRestoration (0ms)
========================================================================
Worker process is ready to serve import requests
Import Worker Mode flag is 0x00
Begin MonoManager ReloadAssembly
- Loaded All Assemblies, in  0.791 seconds
Refreshing native plugins compatible for Editor in 0.62 ms, found 3 plugins.
Native extension for WindowsStandalone target not found
Mono: successfully reloaded assembly
- Finished resetting the current domain, in  0.579 seconds
Domain Reload Profiling: 1369ms
	BeginReloadAssembly (164ms)
		ExecutionOrderSort (0ms)
		DisableScriptedObjects (7ms)
		BackupInstance (0ms)
		ReleaseScriptingObjects (0ms)
		CreateAndSetChildDomain (34ms)
	RebuildCommonClasses (41ms)
	RebuildNativeTypeToScriptingClass (13ms)
	initialDomainReloadingComplete (37ms)
	LoadAllAssembliesAndSetupDomain (536ms)
		LoadAssemblies (326ms)
		RebuildTransferFunctionScriptingTraits (0ms)
		AnalyzeDomain (301ms)
			TypeCache.Refresh (218ms)
				TypeCache.ScanAssembly (200ms)
			BuildScriptInfoCaches (68ms)
			ResolveRequiredComponents (12ms)
	FinalizeReload (579ms)
		ReleaseScriptCaches (0ms)
		RebuildScriptCaches (0ms)
		SetupLoadedEditorAssemblies (469ms)
			LogAssemblyErrors (0ms)
			InitializePlatformSupportModulesInManaged (2ms)
			SetLoadedEditorAssemblies (4ms)
			BeforeProcessingInitializeOnLoad (86ms)
			ProcessInitializeOnLoadAttributes (330ms)
			ProcessInitializeOnLoadMethodAttributes (45ms)
			AfterProcessingInitializeOnLoad (2ms)
			EditorAssembliesLoaded (0ms)
		ExecutionOrderSort2 (0ms)
		AwakeInstancesAfterBackupRestoration (5ms)
Launched and connected shader compiler UnityShaderCompiler.exe after 0.01 seconds
Refreshing native plugins compatible for Editor in 0.64 ms, found 3 plugins.
Preloading 0 native plugins for Editor in 0.00 ms.
Unloading 128 Unused Serialized files (Serialized files now loaded: 0)
Unloading 5960 unused Assets / (5.8 MB). Loaded Objects now: 6499.
Memory consumption went from 146.6 MB to 140.9 MB.
Total: 8.853800 ms (FindLiveObjects: 0.591300 ms CreateObjectMapping: 0.323400 ms MarkObjects: 5.079600 ms  DeleteObjects: 2.857100 ms)

========================================================================
Received Import Request.
  Time since last request: 66308.024154 seconds.
  path: Assets/PlaneRunner/Art/Models/Environment/rock-1.fbx
  artifactKey: Guid(a33bbcf9b51ec704ca4b32ff20af950b) Importer(815301076,1909f56bfc062723c751e8b465ee728b)
Start importing Assets/PlaneRunner/Art/Models/Environment/rock-1.fbx using Guid(a33bbcf9b51ec704ca4b32ff20af950b) Importer(815301076,1909f56bfc062723c751e8b465ee728b) (PreviewImporter) -> (artifact id: 'a51956e4fdec05973e7554b96ad9bb23') in 0.1382864 seconds
Number of updated asset objects reloaded before import = 0Number of asset objects unloaded after import = 8

========================================================================
Received Import Request.
  Time since last request: 4.573670 seconds.
  path: Assets/PlaneRunner/Art/Models/Plane/aircraft-i_003.fbx
  artifactKey: Guid(11d592754a6ccaa4db38eb4aa2772a89) Importer(815301076,1909f56bfc062723c751e8b465ee728b)
Start importing Assets/PlaneRunner/Art/Models/Plane/aircraft-i_003.fbx using Guid(11d592754a6ccaa4db38eb4aa2772a89) Importer(815301076,1909f56bfc062723c751e8b465ee728b) (PreviewImporter) -> (artifact id: 'f75ce91f9cb2af4cbe5d350465324df0') in 0.0239132 seconds
Number of updated asset objects reloaded before import = 0Number of asset objects unloaded after import = 8

========================================================================
Received Import Request.
  Time since last request: 9.058004 seconds.
  path: Assets/PlaneRunner/Prefabs/Gameplay
  artifactKey: Guid(a6332997505412d49844f4096c2bb1d9) Importer(815301076,1909f56bfc062723c751e8b465ee728b)
Start importing Assets/PlaneRunner/Prefabs/Gameplay using Guid(a6332997505412d49844f4096c2bb1d9) Importer(815301076,1909f56bfc062723c751e8b465ee728b) (PreviewImporter) -> (artifact id: 'c88fc333370d9a047755e964115e3259') in 0.000583 seconds
Number of updated asset objects reloaded before import = 0Number of asset objects unloaded after import = 0

========================================================================
Received Import Request.
  Time since last request: 5.401116 seconds.
  path: Assets/PlaneRunner/Prefabs/Gameplay/valley-part-1.prefab
  artifactKey: Guid(df33887b5064b624da1e27befe2cb28f) Importer(815301076,1909f56bfc062723c751e8b465ee728b)
Start importing Assets/PlaneRunner/Prefabs/Gameplay/valley-part-1.prefab using Guid(df33887b5064b624da1e27befe2cb28f) Importer(815301076,1909f56bfc062723c751e8b465ee728b) (PreviewImporter) -> (artifact id: '6e9bc256be0e7476659c6bf45bce7c9e') in 0.0156525 seconds
Number of updated asset objects reloaded before import = 0Number of asset objects unloaded after import = 35

========================================================================
Received Import Request.
  Time since last request: 3.074756 seconds.
  path: Assets/PlaneRunner/Prefabs/Gameplay/hill_001.prefab
  artifactKey: Guid(b8ec8532136e59546afe9f000dd54516) Importer(815301076,1909f56bfc062723c751e8b465ee728b)
Start importing Assets/PlaneRunner/Prefabs/Gameplay/hill_001.prefab using Guid(b8ec8532136e59546afe9f000dd54516) Importer(815301076,1909f56bfc062723c751e8b465ee728b) (PreviewImporter) -> (artifact id: '7a993009fcb85476ed8aef9022ef93f3') in 0.0135937 seconds
Number of updated asset objects reloaded before import = 0Number of asset objects unloaded after import = 13

========================================================================
Received Import Request.
  Time since last request: 14.834122 seconds.
  path: Assets/PlaneRunner/Prefabs/Gameplay/valley-part-2.prefab
  artifactKey: Guid(a8194bfefadd2a24283ed10ab60a485b) Importer(815301076,1909f56bfc062723c751e8b465ee728b)
Start importing Assets/PlaneRunner/Prefabs/Gameplay/valley-part-2.prefab using Guid(a8194bfefadd2a24283ed10ab60a485b) Importer(815301076,1909f56bfc062723c751e8b465ee728b) (PreviewImporter) -> (artifact id: 'a2742b8c4a26dc2869b9a7265b2fcbff') in 0.019278 seconds
Number of updated asset objects reloaded before import = 0Number of asset objects unloaded after import = 64

========================================================================
Received Import Request.
  Time since last request: 117.910496 seconds.
  path: Assets/PlaneRunner/Prefabs/Gameplay/hill_011.prefab
  artifactKey: Guid(e1f34fdf3924a674e816d4977b887865) Importer(815301076,1909f56bfc062723c751e8b465ee728b)
Start importing Assets/PlaneRunner/Prefabs/Gameplay/hill_011.prefab using Guid(e1f34fdf3924a674e816d4977b887865) Importer(815301076,1909f56bfc062723c751e8b465ee728b) (PreviewImporter) -> (artifact id: 'fbd9361a5845a17b92a3b6db44edf40a') in 0.0210439 seconds
Number of updated asset objects reloaded before import = 0Number of asset objects unloaded after import = 13

========================================================================
Received Import Request.
  Time since last request: 0.421340 seconds.
  path: Assets/PlaneRunner/Prefabs/Gameplay/player-1.prefab
  artifactKey: Guid(7acac99340da2f143ac29b8b4fd6ccd9) Importer(815301076,1909f56bfc062723c751e8b465ee728b)
Start importing Assets/PlaneRunner/Prefabs/Gameplay/player-1.prefab using Guid(7acac99340da2f143ac29b8b4fd6ccd9) Importer(815301076,1909f56bfc062723c751e8b465ee728b) (PreviewImporter) -> (artifact id: '76d62dcec277c7e8fb5445dd85b97856') in 0.2739786 seconds
Number of updated asset objects reloaded before import = 0Number of asset objects unloaded after import = 39

========================================================================
Received Import Request.
  Time since last request: 199.623557 seconds.
  path: Assets/PlaneRunner/Prefabs/Particles
  artifactKey: Guid(e6e4277a9edea0247b861b32bf6e8250) Importer(815301076,1909f56bfc062723c751e8b465ee728b)
Start importing Assets/PlaneRunner/Prefabs/Particles using Guid(e6e4277a9edea0247b861b32bf6e8250) Importer(815301076,1909f56bfc062723c751e8b465ee728b) (PreviewImporter) -> (artifact id: '19b14c3d7314299e82a80cd0bf98650b') in 0.0007324 seconds
Number of updated asset objects reloaded before import = 0Number of asset objects unloaded after import = 0

========================================================================
Received Import Request.
  Time since last request: 0.890516 seconds.
  path: Assets/PlaneRunner/Prefabs/Particles/particle_explode_1.prefab
  artifactKey: Guid(f9e49c19e36969b4c90fb49a262b4e28) Importer(815301076,1909f56bfc062723c751e8b465ee728b)
Start importing Assets/PlaneRunner/Prefabs/Particles/particle_explode_1.prefab using Guid(f9e49c19e36969b4c90fb49a262b4e28) Importer(815301076,1909f56bfc062723c751e8b465ee728b) (PreviewImporter) -> (artifact id: 'e60457bd6261e0ab21b6271dc4319e42') in 0.0135334 seconds
Number of updated asset objects reloaded before import = 0Number of asset objects unloaded after import = 19

========================================================================
Received Import Request.
  Time since last request: 13.171017 seconds.
  path: Assets/PlaneRunner/Prefabs/Particles/SpeedParticle.prefab
  artifactKey: Guid(0ebc6a6fa5fe6af4ea17c66f34140a7c) Importer(815301076,1909f56bfc062723c751e8b465ee728b)
Start importing Assets/PlaneRunner/Prefabs/Particles/SpeedParticle.prefab using Guid(0ebc6a6fa5fe6af4ea17c66f34140a7c) Importer(815301076,1909f56bfc062723c751e8b465ee728b) (PreviewImporter) -> (artifact id: '50de4c8ed5d93a104f112a2460852d91') in 0.0235895 seconds
Number of updated asset objects reloaded before import = 0Number of asset objects unloaded after import = 10

========================================================================
Received Import Request.
  Time since last request: 16.682308 seconds.
  path: Assets/PlaneRunner/Prefabs/RoadObjectPacks/obstacle-1.prefab
  artifactKey: Guid(16306570a08599a4693c7d331a05a6d0) Importer(815301076,1909f56bfc062723c751e8b465ee728b)
Start importing Assets/PlaneRunner/Prefabs/RoadObjectPacks/obstacle-1.prefab using Guid(16306570a08599a4693c7d331a05a6d0) Importer(815301076,1909f56bfc062723c751e8b465ee728b) (PreviewImporter) -> (artifact id: '0fcbdcbfd21f4499c2c4d78a6cb37537') in 0.0483943 seconds
Number of updated asset objects reloaded before import = 0Number of asset objects unloaded after import = 28

========================================================================
Received Import Request.
  Time since last request: 2.402425 seconds.
  path: Assets/PlaneRunner/Prefabs/RoadObjectPacks/obstacle-2.prefab
  artifactKey: Guid(c2bc4dfc97790254084bc8ac3d0abbbc) Importer(815301076,1909f56bfc062723c751e8b465ee728b)
Start importing Assets/PlaneRunner/Prefabs/RoadObjectPacks/obstacle-2.prefab using Guid(c2bc4dfc97790254084bc8ac3d0abbbc) Importer(815301076,1909f56bfc062723c751e8b465ee728b) (PreviewImporter) -> (artifact id: 'bf32415f2ee18c416d6aa70c414abe79') in 0.0142432 seconds
Number of updated asset objects reloaded before import = 0Number of asset objects unloaded after import = 18

========================================================================
Received Import Request.
  Time since last request: 5.011681 seconds.
  path: Assets/PlaneRunner/Prefabs/RoadObjectPacks/obstacle-3.prefab
  artifactKey: Guid(a013f797bb63a164e9b44bfee4f855ad) Importer(815301076,1909f56bfc062723c751e8b465ee728b)
Start importing Assets/PlaneRunner/Prefabs/RoadObjectPacks/obstacle-3.prefab using Guid(a013f797bb63a164e9b44bfee4f855ad) Importer(815301076,1909f56bfc062723c751e8b465ee728b) (PreviewImporter) -> (artifact id: '15c1e317491356755b769f63414d60e7') in 0.014893 seconds
Number of updated asset objects reloaded before import = 0Number of asset objects unloaded after import = 33

========================================================================
Received Import Request.
  Time since last request: 1.036079 seconds.
  path: Assets/PlaneRunner/Prefabs/RoadObjectPacks/obstacle-4.prefab
  artifactKey: Guid(d8e778f3d99a51046afcd45db15ff6dc) Importer(815301076,1909f56bfc062723c751e8b465ee728b)
Start importing Assets/PlaneRunner/Prefabs/RoadObjectPacks/obstacle-4.prefab using Guid(d8e778f3d99a51046afcd45db15ff6dc) Importer(815301076,1909f56bfc062723c751e8b465ee728b) (PreviewImporter) -> (artifact id: '7889ee8d1fcbdccf3e964fe5244ecd25') in 0.0151213 seconds
Number of updated asset objects reloaded before import = 0Number of asset objects unloaded after import = 33

========================================================================
Received Import Request.
  Time since last request: 6.503774 seconds.
  path: Assets/PlaneRunner/Prefabs/UI/GameUI.prefab
  artifactKey: Guid(aaa38a4476618ef4782580288901ea02) Importer(815301076,1909f56bfc062723c751e8b465ee728b)
Start importing Assets/PlaneRunner/Prefabs/UI/GameUI.prefab using Guid(aaa38a4476618ef4782580288901ea02) Importer(815301076,1909f56bfc062723c751e8b465ee728b) (PreviewImporter) -> (artifact id: '3f556fc28f0d95932871e35427fb3b50') in 0.0270436 seconds
Number of updated asset objects reloaded before import = 0Number of asset objects unloaded after import = 20

========================================================================
Received Import Request.
  Time since last request: 38.854085 seconds.
  path: Assets/PlaneRunner/Scenes/Level_1.unity
  artifactKey: Guid(9fc0d4010bbf28b4594072e72b8655ab) Importer(815301076,1909f56bfc062723c751e8b465ee728b)
Start importing Assets/PlaneRunner/Scenes/Level_1.unity using Guid(9fc0d4010bbf28b4594072e72b8655ab) Importer(815301076,1909f56bfc062723c751e8b465ee728b) (PreviewImporter) -> (artifact id: '1a6eb2aee978849df3d9c0c9cf5e2620') in 0.0004726 seconds
Number of updated asset objects reloaded before import = 0Number of asset objects unloaded after import = 0

========================================================================
Received Prepare
Begin MonoManager ReloadAssembly
- Loaded All Assemblies, in  2.983 seconds
Refreshing native plugins compatible for Editor in 0.68 ms, found 3 plugins.
Native extension for WindowsStandalone target not found
Mono: successfully reloaded assembly
- Finished resetting the current domain, in  0.652 seconds
Domain Reload Profiling: 3638ms
	BeginReloadAssembly (440ms)
		ExecutionOrderSort (0ms)
		DisableScriptedObjects (5ms)
		BackupInstance (0ms)
		ReleaseScriptingObjects (0ms)
		CreateAndSetChildDomain (46ms)
	RebuildCommonClasses (156ms)
	RebuildNativeTypeToScriptingClass (12ms)
	initialDomainReloadingComplete (24ms)
	LoadAllAssembliesAndSetupDomain (2354ms)
		LoadAssemblies (2524ms)
		RebuildTransferFunctionScriptingTraits (0ms)
		AnalyzeDomain (185ms)
			TypeCache.Refresh (6ms)
				TypeCache.ScanAssembly (0ms)
			BuildScriptInfoCaches (163ms)
			ResolveRequiredComponents (12ms)
	FinalizeReload (653ms)
		ReleaseScriptCaches (0ms)
		RebuildScriptCaches (0ms)
		SetupLoadedEditorAssemblies (520ms)
			LogAssemblyErrors (0ms)
			InitializePlatformSupportModulesInManaged (2ms)
			SetLoadedEditorAssemblies (5ms)
			BeforeProcessingInitializeOnLoad (104ms)
			ProcessInitializeOnLoadAttributes (353ms)
			ProcessInitializeOnLoadMethodAttributes (54ms)
			AfterProcessingInitializeOnLoad (1ms)
			EditorAssembliesLoaded (0ms)
		ExecutionOrderSort2 (0ms)
		AwakeInstancesAfterBackupRestoration (6ms)
Refreshing native plugins compatible for Editor in 0.81 ms, found 3 plugins.
Preloading 0 native plugins for Editor in 0.00 ms.
Unloading 32 Unused Serialized files (Serialized files now loaded: 0)
Unloading 5960 unused Assets / (6.1 MB). Loaded Objects now: 6550.
Memory consumption went from 129.9 MB to 123.8 MB.
Total: 10.846400 ms (FindLiveObjects: 0.740300 ms CreateObjectMapping: 0.972400 ms MarkObjects: 5.135000 ms  DeleteObjects: 3.996800 ms)

Prepare: number of updated asset objects reloaded= 0
